[2019-11-04 16:43:24][DEBUG][ERROR] : [Argument 1 passed to App\Model\BaseModel::__construct() must be an instance of EasySwoole\Mysqli\Mysqli, null given, called in /usr/local/var/www/shunyi/App/HttpController/Ticket/Getfine.php on line 22 at file:/usr/local/var/www/shunyi/App/Model/BaseModel.php line:21]
[2019-11-04 16:47:21][DEBUG][ERROR] : [Argument 1 passed to App\Model\BaseModel::__construct() must be an instance of EasySwoole\Mysqli\Mysqli, null given, called in /usr/local/var/www/shunyi/App/HttpController/Ticket/Getfine.php on line 22 at file:/usr/local/var/www/shunyi/App/Model/BaseModel.php line:21]
[2019-11-04 16:50:29][DEBUG][ERROR] : [Argument 1 passed to App\Model\BaseModel::__construct() must be an instance of EasySwoole\Mysqli\Mysqli, null given, called in /usr/local/var/www/shunyi/App/HttpController/Ticket/Getfine.php on line 23 at file:/usr/local/var/www/shunyi/App/Model/BaseModel.php line:21]
[2019-11-04 16:56:00][DEBUG][ERROR] : [Call to undefined method EasySwoole\MysqliPool\Connection::limit() at file:/usr/local/var/www/shunyi/App/Model/Ticket/TicketModel.php line:52]
[2019-11-04 16:56:21][DEBUG][ERROR] : [Call to undefined method EasySwoole\MysqliPool\Connection::limit() at file:/usr/local/var/www/shunyi/App/Model/Ticket/TicketModel.php line:52]
[2019-11-04 16:56:22][DEBUG][ERROR] : [Call to undefined method EasySwoole\MysqliPool\Connection::limit() at file:/usr/local/var/www/shunyi/App/Model/Ticket/TicketModel.php line:52]
[2019-11-04 17:02:21][DEBUG][ERROR] : [Call to undefined method EasySwoole\MysqliPool\Connection::fields() at file:/usr/local/var/www/shunyi/App/Model/Ticket/TicketModel.php line:50]
[2019-11-04 17:02:49][DEBUG][ERROR] : [Call to undefined method EasySwoole\MysqliPool\Connection::fields() at file:/usr/local/var/www/shunyi/App/Model/Ticket/TicketModel.php line:50]
[2019-11-05 14:33:19][DEBUG][ERROR] : [Access level to App\HttpController\Ticket\FilterList::init() must be protected (as in class App\HttpController\Base) or weaker at file:/usr/local/var/www/shunyi/App/HttpController/Ticket/Filterlist.php line:14]
[2019-11-05 14:33:49][DEBUG][ERROR] : [Class 'App\HttpController\Ticket\Mysql' not found at file:/usr/local/var/www/shunyi/App/HttpController/Ticket/Filterlist.php line:22]
[2019-11-05 14:33:50][DEBUG][ERROR] : [Class 'App\HttpController\Ticket\Mysql' not found at file:/usr/local/var/www/shunyi/App/HttpController/Ticket/Filterlist.php line:22]
[2019-11-05 14:45:21][DEBUG][ERROR] : [Argument 1 passed to App\Model\Ticket\TicketModel::getFilterTicket() must be of the type integer, null given, called in /usr/local/var/www/shunyi/App/HttpController/Ticket/Filterlist.php on line 26 at file:/usr/local/var/www/shunyi/App/Model/Ticket/TicketModel.php line:59]
[2019-11-05 14:48:35][DEBUG][ERROR] : [Argument 1 passed to App\Model\Ticket\TicketModel::getFilterTicket() must be of the type integer, null given, called in /usr/local/var/www/shunyi/App/HttpController/Ticket/Filterlist.php on line 26 at file:/usr/local/var/www/shunyi/App/Model/Ticket/TicketModel.php line:59]
[2019-11-05 14:48:36][DEBUG][ERROR] : [Argument 1 passed to App\Model\Ticket\TicketModel::getFilterTicket() must be of the type integer, null given, called in /usr/local/var/www/shunyi/App/HttpController/Ticket/Filterlist.php on line 26 at file:/usr/local/var/www/shunyi/App/Model/Ticket/TicketModel.php line:59]
[2019-11-05 14:51:17][DEBUG][ERROR] : [Argument 1 passed to App\Model\Ticket\TicketModel::getFilterTicket() must be of the type integer, null given, called in /usr/local/var/www/shunyi/App/HttpController/Ticket/Filterlist.php on line 26 at file:/usr/local/var/www/shunyi/App/Model/Ticket/TicketModel.php line:59]
[2019-11-05 14:54:09][DEBUG][ERROR] : [Argument 1 passed to App\Model\Ticket\TicketModel::getFilterTicket() must be of the type integer, null given, called in /usr/local/var/www/shunyi/App/HttpController/Ticket/Filterlist.php on line 26 at file:/usr/local/var/www/shunyi/App/Model/Ticket/TicketModel.php line:59]
[2019-11-05 14:54:10][DEBUG][ERROR] : [Argument 1 passed to App\Model\Ticket\TicketModel::getFilterTicket() must be of the type integer, null given, called in /usr/local/var/www/shunyi/App/HttpController/Ticket/Filterlist.php on line 26 at file:/usr/local/var/www/shunyi/App/Model/Ticket/TicketModel.php line:59]
[2019-11-05 14:55:00][DEBUG][ERROR] : [Argument 1 passed to App\Model\Ticket\TicketModel::getFilterTicket() must be of the type integer, null given, called in /usr/local/var/www/shunyi/App/HttpController/Ticket/Filterlist.php on line 26 at file:/usr/local/var/www/shunyi/App/Model/Ticket/TicketModel.php line:59]
[2019-11-05 14:56:44][DEBUG][ERROR] : [Argument 1 passed to App\Model\Ticket\TicketModel::getFilterTicket() must be of the type integer, null given, called in /usr/local/var/www/shunyi/App/HttpController/Ticket/Filterlist.php on line 26 at file:/usr/local/var/www/shunyi/App/Model/Ticket/TicketModel.php line:59]
[2019-11-05 14:56:45][DEBUG][ERROR] : [Argument 1 passed to App\Model\Ticket\TicketModel::getFilterTicket() must be of the type integer, null given, called in /usr/local/var/www/shunyi/App/HttpController/Ticket/Filterlist.php on line 26 at file:/usr/local/var/www/shunyi/App/Model/Ticket/TicketModel.php line:59]
[2019-11-05 14:58:01][DEBUG][ERROR] : [Argument 1 passed to App\Model\Ticket\TicketModel::getFilterTicket() must be of the type integer, null given, called in /usr/local/var/www/shunyi/App/HttpController/Ticket/Filterlist.php on line 26 at file:/usr/local/var/www/shunyi/App/Model/Ticket/TicketModel.php line:59]
[2019-11-05 14:58:50][DEBUG][ERROR] : [Argument 1 passed to App\Model\Ticket\TicketModel::getFilterTicket() must be of the type integer, null given, called in /usr/local/var/www/shunyi/App/HttpController/Ticket/Filterlist.php on line 26 at file:/usr/local/var/www/shunyi/App/Model/Ticket/TicketModel.php line:59]
[2019-11-05 14:59:32][DEBUG][ERROR] : [Argument 1 passed to App\Model\Ticket\TicketModel::getFilterTicket() must be of the type integer, null given, called in /usr/local/var/www/shunyi/App/HttpController/Ticket/Filterlist.php on line 26 at file:/usr/local/var/www/shunyi/App/Model/Ticket/TicketModel.php line:59]
[2019-11-05 15:03:05][DEBUG][ERROR] : [Argument 1 passed to App\Model\Ticket\TicketModel::getFilterTicket() must be of the type integer, null given, called in /usr/local/var/www/shunyi/App/HttpController/Ticket/Filterlist.php on line 26 at file:/usr/local/var/www/shunyi/App/Model/Ticket/TicketModel.php line:59]
[2019-11-05 15:05:14][DEBUG][ERROR] : [Argument 1 passed to App\Model\Ticket\TicketModel::getFilterTicket() must be of the type integer, null given, called in /usr/local/var/www/shunyi/App/HttpController/Ticket/Filterlist.php on line 35 at file:/usr/local/var/www/shunyi/App/Model/Ticket/TicketModel.php line:59]
[2019-11-05 15:09:35][DEBUG][ERROR] : [Argument 1 passed to App\Model\Ticket\TicketModel::getFilterTicket() must be of the type integer, null given, called in /usr/local/var/www/shunyi/App/HttpController/Ticket/Filterlist.php on line 35 at file:/usr/local/var/www/shunyi/App/Model/Ticket/TicketModel.php line:59]
[2019-11-05 15:09:43][DEBUG][ERROR] : [Argument 1 passed to App\Model\Ticket\TicketModel::getFilterTicket() must be of the type integer, null given, called in /usr/local/var/www/shunyi/App/HttpController/Ticket/Filterlist.php on line 26 at file:/usr/local/var/www/shunyi/App/Model/Ticket/TicketModel.php line:59]
[2019-11-05 15:15:33][DEBUG][ERROR] : [Argument 1 passed to App\Model\Ticket\TicketModel::getFilterTicket() must be of the type integer, string given, called in /usr/local/var/www/shunyi/App/HttpController/Ticket/Filterlist.php on line 28 at file:/usr/local/var/www/shunyi/App/Model/Ticket/TicketModel.php line:59]
[2019-11-05 16:02:40][DEBUG][ERROR] : [Class 'Tools\Util' not found at file:/usr/local/var/www/shunyi/App/Model/Ticket/TicketModel.php line:67]
[2019-11-05 16:03:50][DEBUG][ERROR] : [Cannot use isset() on the result of an expression (you can use "null !== expression" instead) at file:/usr/local/var/www/shunyi/App/Tools/Util.php line:33]
[2019-11-05 16:08:52][DEBUG][ERROR] : [Function name must be a string at file:/usr/local/var/www/shunyi/App/Tools/Util.php line:36]
[2019-11-05 16:09:50][DEBUG][ERROR] : [Function name must be a string at file:/usr/local/var/www/shunyi/App/Tools/Util.php line:36]
[2019-11-05 16:10:50][DEBUG][ERROR] : [Function name must be a string at file:/usr/local/var/www/shunyi/App/Tools/Util.php line:37]
[2019-11-05 16:11:56][DEBUG][NOTICE] : [Undefined offset: 0 at file:/usr/local/var/www/shunyi/App/Model/Ticket/TicketModel.php line:67]
[2019-11-05 16:11:56][DEBUG][NOTICE] : [Undefined offset: 1 at file:/usr/local/var/www/shunyi/App/Model/Ticket/TicketModel.php line:67]
[2019-11-05 16:12:35][DEBUG][NOTICE] : [Undefined offset: 0 at file:/usr/local/var/www/shunyi/App/Model/Ticket/TicketModel.php line:67]
[2019-11-05 16:12:35][DEBUG][NOTICE] : [Undefined offset: 1 at file:/usr/local/var/www/shunyi/App/Model/Ticket/TicketModel.php line:67]
[2019-11-05 16:17:51][DEBUG][NOTICE] : [Undefined offset: 0 at file:/usr/local/var/www/shunyi/App/Model/Ticket/TicketModel.php line:69]
[2019-11-05 16:17:51][DEBUG][NOTICE] : [Undefined offset: 1 at file:/usr/local/var/www/shunyi/App/Model/Ticket/TicketModel.php line:69]
[2019-11-05 16:18:42][DEBUG][NOTICE] : [Undefined offset: 0 at file:/usr/local/var/www/shunyi/App/Model/Ticket/TicketModel.php line:69]
[2019-11-05 16:18:42][DEBUG][NOTICE] : [Undefined offset: 1 at file:/usr/local/var/www/shunyi/App/Model/Ticket/TicketModel.php line:69]
[2019-11-05 16:18:42][DEBUG][NOTICE] : [Undefined offset: 0 at file:/usr/local/var/www/shunyi/App/Model/Ticket/TicketModel.php line:71]
[2019-11-05 16:18:42][DEBUG][NOTICE] : [Undefined offset: 1 at file:/usr/local/var/www/shunyi/App/Model/Ticket/TicketModel.php line:71]
[2019-11-05 16:20:06][DEBUG][NOTICE] : [Undefined offset: 0 at file:/usr/local/var/www/shunyi/App/Model/Ticket/TicketModel.php line:71]
[2019-11-05 16:20:06][DEBUG][NOTICE] : [Undefined offset: 1 at file:/usr/local/var/www/shunyi/App/Model/Ticket/TicketModel.php line:71]
[2019-11-05 16:20:06][DEBUG][NOTICE] : [Undefined offset: 0 at file:/usr/local/var/www/shunyi/App/Model/Ticket/TicketModel.php line:74]
[2019-11-05 16:20:06][DEBUG][NOTICE] : [Undefined offset: 1 at file:/usr/local/var/www/shunyi/App/Model/Ticket/TicketModel.php line:74]
[2019-11-07 11:15:03][DEBUG][ERROR] : [Call to undefined method App\Model\Ticket\TicketModel::getTicketDetail() at file:/usr/local/var/www/shunyi/App/HttpController/Ticket/Detail.php line:27]
[2019-11-07 11:15:23][DEBUG][ERROR] : [Call to undefined method App\Model\Ticket\TicketModel::getTicketDetail() at file:/usr/local/var/www/shunyi/App/HttpController/Ticket/Detail.php line:27]
[2019-11-07 11:30:03][DEBUG][ERROR] : [Class 'App\Model\Ticket\ImageModel' not found at file:/usr/local/var/www/shunyi/App/HttpController/Ticket/Detail.php line:31]
[2019-11-07 11:30:19][DEBUG][ERROR] : [Class 'App\Model\Image\ImageModel' not found at file:/usr/local/var/www/shunyi/App/HttpController/Ticket/Detail.php line:31]
[2019-11-07 11:30:33][DEBUG][ERROR] : [Call to undefined method App\Model\Image\ImageModel::getTicketDetail() at file:/usr/local/var/www/shunyi/App/HttpController/Ticket/Detail.php line:32]
[2019-11-07 11:30:48][DEBUG][NOTICE] : [Undefined offset: 1 at file:/usr/local/var/www/shunyi/vendor/easyswoole/mysqli/src/Mysqli.php line:1486]
[2019-11-07 11:31:45][DEBUG][NOTICE] : [Undefined offset: 1 at file:/usr/local/var/www/shunyi/vendor/easyswoole/mysqli/src/Mysqli.php line:1486]
[2019-11-07 11:34:24][DEBUG][NOTICE] : [Undefined offset: 1 at file:/usr/local/var/www/shunyi/vendor/easyswoole/mysqli/src/Mysqli.php line:1486]
